  Dib.cpp
f:\강의자료\d3dx\d3dx\d3dx\quadtreefrustum\dib.cpp(24): warning C4996: 'fopen': This function or variable may be unsafe. Consider using fopen_s instead. To disable deprecation, use _CRT_SECURE_NO_WARNINGS. See online help for details.
  c:\program files (x86)\windows kits\10\include\10.0.17134.0\ucrt\stdio.h(208): note: 'fopen' 선언을 참조하십시오.
f:\강의자료\d3dx\d3dx\d3dx\quadtreefrustum\dib.cpp(50): warning C4334: '<<': 32비트 시프트의 결과가 암시적으로 64비트로 변환됩니다. 64비트 시프트를 사용하시겠습니까?
f:\강의자료\d3dx\d3dx\d3dx\quadtreefrustum\dib.cpp(53): warning C4334: '<<': 32비트 시프트의 결과가 암시적으로 64비트로 변환됩니다. 64비트 시프트를 사용하시겠습니까?
f:\강의자료\d3dx\d3dx\d3dx\quadtreefrustum\dib.cpp(55): warning C4334: '<<': 32비트 시프트의 결과가 암시적으로 64비트로 변환됩니다. 64비트 시프트를 사용하시겠습니까?
f:\강의자료\d3dx\d3dx\d3dx\quadtreefrustum\dib.cpp(47): warning C4996: 'fopen': This function or variable may be unsafe. Consider using fopen_s instead. To disable deprecation, use _CRT_SECURE_NO_WARNINGS. See online help for details.
  c:\program files (x86)\windows kits\10\include\10.0.17134.0\ucrt\stdio.h(208): note: 'fopen' 선언을 참조하십시오.
f:\강의자료\d3dx\d3dx\d3dx\quadtreefrustum\dib.cpp(163): warning C4334: '<<': 32비트 시프트의 결과가 암시적으로 64비트로 변환됩니다. 64비트 시프트를 사용하시겠습니까?
f:\강의자료\d3dx\d3dx\d3dx\quadtreefrustum\dib.cpp(179): warning C4334: '<<': 32비트 시프트의 결과가 암시적으로 64비트로 변환됩니다. 64비트 시프트를 사용하시겠습니까?
f:\강의자료\d3dx\d3dx\d3dx\quadtreefrustum\dib.cpp(208): warning C4334: '<<': 32비트 시프트의 결과가 암시적으로 64비트로 변환됩니다. 64비트 시프트를 사용하시겠습니까?
f:\강의자료\d3dx\d3dx\d3dx\quadtreefrustum\dib.cpp(209): warning C4334: '<<': 32비트 시프트의 결과가 암시적으로 64비트로 변환됩니다. 64비트 시프트를 사용하시겠습니까?
f:\강의자료\d3dx\d3dx\d3dx\quadtreefrustum\dib.cpp(235): warning C4334: '<<': 32비트 시프트의 결과가 암시적으로 64비트로 변환됩니다. 64비트 시프트를 사용하시겠습니까?
f:\강의자료\d3dx\d3dx\d3dx\quadtreefrustum\dib.cpp(236): warning C4334: '<<': 32비트 시프트의 결과가 암시적으로 64비트로 변환됩니다. 64비트 시프트를 사용하시겠습니까?
f:\강의자료\d3dx\d3dx\d3dx\quadtreefrustum\dib.cpp(271): warning C4334: '<<': 32비트 시프트의 결과가 암시적으로 64비트로 변환됩니다. 64비트 시프트를 사용하시겠습니까?
f:\강의자료\d3dx\d3dx\d3dx\quadtreefrustum\dib.cpp(292): warning C4334: '<<': 32비트 시프트의 결과가 암시적으로 64비트로 변환됩니다. 64비트 시프트를 사용하시겠습니까?
f:\강의자료\d3dx\d3dx\d3dx\quadtreefrustum\dib.cpp(298): warning C4334: '<<': 32비트 시프트의 결과가 암시적으로 64비트로 변환됩니다. 64비트 시프트를 사용하시겠습니까?
f:\강의자료\d3dx\d3dx\d3dx\quadtreefrustum\dib.cpp(304): warning C4334: '<<': 32비트 시프트의 결과가 암시적으로 64비트로 변환됩니다. 64비트 시프트를 사용하시겠습니까?
f:\강의자료\d3dx\d3dx\d3dx\quadtreefrustum\dib.cpp(328): warning C4334: '<<': 32비트 시프트의 결과가 암시적으로 64비트로 변환됩니다. 64비트 시프트를 사용하시겠습니까?
f:\강의자료\d3dx\d3dx\d3dx\quadtreefrustum\dib.cpp(347): warning C4334: '<<': 32비트 시프트의 결과가 암시적으로 64비트로 변환됩니다. 64비트 시프트를 사용하시겠습니까?
f:\강의자료\d3dx\d3dx\d3dx\quadtreefrustum\dib.cpp(348): warning C4334: '<<': 32비트 시프트의 결과가 암시적으로 64비트로 변환됩니다. 64비트 시프트를 사용하시겠습니까?
f:\강의자료\d3dx\d3dx\d3dx\quadtreefrustum\dib.cpp(387): warning C4334: '<<': 32비트 시프트의 결과가 암시적으로 64비트로 변환됩니다. 64비트 시프트를 사용하시겠습니까?
f:\강의자료\d3dx\d3dx\d3dx\quadtreefrustum\dib.cpp(388): warning C4334: '<<': 32비트 시프트의 결과가 암시적으로 64비트로 변환됩니다. 64비트 시프트를 사용하시겠습니까?
f:\강의자료\d3dx\d3dx\d3dx\quadtreefrustum\dib.cpp(412): warning C4334: '<<': 32비트 시프트의 결과가 암시적으로 64비트로 변환됩니다. 64비트 시프트를 사용하시겠습니까?
f:\강의자료\d3dx\d3dx\d3dx\quadtreefrustum\dib.cpp(413): warning C4334: '<<': 32비트 시프트의 결과가 암시적으로 64비트로 변환됩니다. 64비트 시프트를 사용하시겠습니까?
f:\강의자료\d3dx\d3dx\d3dx\quadtreefrustum\dib.cpp(437): warning C4334: '<<': 32비트 시프트의 결과가 암시적으로 64비트로 변환됩니다. 64비트 시프트를 사용하시겠습니까?
f:\강의자료\d3dx\d3dx\d3dx\quadtreefrustum\dib.cpp(438): warning C4334: '<<': 32비트 시프트의 결과가 암시적으로 64비트로 변환됩니다. 64비트 시프트를 사용하시겠습니까?
f:\강의자료\d3dx\d3dx\d3dx\quadtreefrustum\dib.cpp(500): warning C4334: '<<': 32비트 시프트의 결과가 암시적으로 64비트로 변환됩니다. 64비트 시프트를 사용하시겠습니까?
f:\강의자료\d3dx\d3dx\d3dx\quadtreefrustum\dib.cpp(501): warning C4334: '<<': 32비트 시프트의 결과가 암시적으로 64비트로 변환됩니다. 64비트 시프트를 사용하시겠습니까?
f:\강의자료\d3dx\d3dx\d3dx\quadtreefrustum\dib.cpp(510): warning C4334: '<<': 32비트 시프트의 결과가 암시적으로 64비트로 변환됩니다. 64비트 시프트를 사용하시겠습니까?
f:\강의자료\d3dx\d3dx\d3dx\quadtreefrustum\dib.cpp(511): warning C4334: '<<': 32비트 시프트의 결과가 암시적으로 64비트로 변환됩니다. 64비트 시프트를 사용하시겠습니까?
f:\강의자료\d3dx\d3dx\d3dx\quadtreefrustum\dib.cpp(544): warning C4334: '<<': 32비트 시프트의 결과가 암시적으로 64비트로 변환됩니다. 64비트 시프트를 사용하시겠습니까?
f:\강의자료\d3dx\d3dx\d3dx\quadtreefrustum\dib.cpp(545): warning C4334: '<<': 32비트 시프트의 결과가 암시적으로 64비트로 변환됩니다. 64비트 시프트를 사용하시겠습니까?
f:\강의자료\d3dx\d3dx\d3dx\quadtreefrustum\dib.cpp(571): warning C4334: '<<': 32비트 시프트의 결과가 암시적으로 64비트로 변환됩니다. 64비트 시프트를 사용하시겠습니까?
f:\강의자료\d3dx\d3dx\d3dx\quadtreefrustum\dib.cpp(572): warning C4334: '<<': 32비트 시프트의 결과가 암시적으로 64비트로 변환됩니다. 64비트 시프트를 사용하시겠습니까?
f:\강의자료\d3dx\d3dx\d3dx\quadtreefrustum\dib.cpp(721): warning C4334: '<<': 32비트 시프트의 결과가 암시적으로 64비트로 변환됩니다. 64비트 시프트를 사용하시겠습니까?
f:\강의자료\d3dx\d3dx\d3dx\quadtreefrustum\dib.cpp(784): warning C4334: '<<': 32비트 시프트의 결과가 암시적으로 64비트로 변환됩니다. 64비트 시프트를 사용하시겠습니까?
f:\강의자료\d3dx\d3dx\d3dx\quadtreefrustum\dib.cpp(785): warning C4334: '<<': 32비트 시프트의 결과가 암시적으로 64비트로 변환됩니다. 64비트 시프트를 사용하시겠습니까?
f:\강의자료\d3dx\d3dx\d3dx\quadtreefrustum\dib.cpp(786): warning C4334: '<<': 32비트 시프트의 결과가 암시적으로 64비트로 변환됩니다. 64비트 시프트를 사용하시겠습니까?
f:\강의자료\d3dx\d3dx\d3dx\quadtreefrustum\dib.cpp(811): warning C4334: '<<': 32비트 시프트의 결과가 암시적으로 64비트로 변환됩니다. 64비트 시프트를 사용하시겠습니까?
  main.cpp
  ZCamera.cpp
  ZFLog.cpp
f:\강의자료\d3dx\d3dx\d3dx\quadtreefrustum\zflog.cpp(90): warning C4244: '초기화 중': 'LRESULT'에서 'UINT32'(으)로 변환하면서 데이터가 손실될 수 있습니다.
f:\강의자료\d3dx\d3dx\d3dx\quadtreefrustum\zflog.cpp(64): warning C4996: '_strdate': This function or variable may be unsafe. Consider using _strdate_s instead. To disable deprecation, use _CRT_SECURE_NO_WARNINGS. See online help for details.
  c:\program files (x86)\windows kits\10\include\10.0.17134.0\ucrt\time.h(290): note: '_strdate' 선언을 참조하십시오.
f:\강의자료\d3dx\d3dx\d3dx\quadtreefrustum\zflog.cpp(65): warning C4996: '_strtime': This function or variable may be unsafe. Consider using _strtime_s instead. To disable deprecation, use _CRT_SECURE_NO_WARNINGS. See online help for details.
  c:\program files (x86)\windows kits\10\include\10.0.17134.0\ucrt\time.h(306): note: '_strtime' 선언을 참조하십시오.
f:\강의자료\d3dx\d3dx\d3dx\quadtreefrustum\zflog.cpp(66): warning C4996: 'vsprintf': This function or variable may be unsafe. Consider using vsprintf_s instead. To disable deprecation, use _CRT_SECURE_NO_WARNINGS. See online help for details.
  c:\program files (x86)\windows kits\10\include\10.0.17134.0\ucrt\stdio.h(1469): note: 'vsprintf' 선언을 참조하십시오.
f:\강의자료\d3dx\d3dx\d3dx\quadtreefrustum\zflog.cpp(78): warning C4996: 'fopen': This function or variable may be unsafe. Consider using fopen_s instead. To disable deprecation, use _CRT_SECURE_NO_WARNINGS. See online help for details.
  c:\program files (x86)\windows kits\10\include\10.0.17134.0\ucrt\stdio.h(208): note: 'fopen' 선언을 참조하십시오.
  ZFrustum.cpp
  ZQuadTree.cpp
  ZTerrain.cpp
f:\강의자료\d3dx\d3dx\d3dx\quadtreefrustum\zterrain.cpp(95): warning C4334: '<<': 32비트 시프트의 결과가 암시적으로 64비트로 변환됩니다. 64비트 시프트를 사용하시겠습니까?
  코드를 생성하고 있습니다...
  QuadtreeFrustum.vcxproj -> F:\강의자료\D3DX\D3DX\D3DX\x64\Debug\QuadtreeFrustum.exe
